

*******************************************************************************
Thu Feb 11 17:59:55 2016


FIT:    data read from 'D_vs_rho.csv' every ::1 using 1:3
        format = x:z
        x range restricted to [0.00000 : 25.0000]
        #datapoints = 5
        residuals are weighted equally (unit weight)

function used for fitting: g(x)
	g(x) =(alpha/x) + beta
fitted parameters initialized with current variable values

iter      chisq       delta/lim  lambda   alpha         beta         
   0 5.6623139323e+01  0.00e+00 3.51e+00  1.000000e+00  1.000000e+00
   4 1.8879437536e-01 -5.00e-03 3.51e-04  1.978092e+00 -1.569095e+00

After 4 iterations the fit converged.
final sum of squares of residuals : 0.188794
rel. change during last iteration : -5.00497e-008

degrees of freedom    (FIT_NDF)                        : 3
rms of residuals      (FIT_STDFIT) = sqrt(WSSR/ndf)    : 0.250861
variance of residuals (reduced chisquare) = WSSR/ndf   : 0.0629315

Final set of parameters            Asymptotic Standard Error
=======================            ==========================
alpha           = 1.97809          +/- 0.03398      (1.718%)
beta            = -1.56909         +/- 0.1654       (10.54%)

correlation matrix of the fit parameters:
                alpha  beta   
alpha           1.000 
beta           -0.735  1.000 


*******************************************************************************
Thu Feb 11 18:06:19 2016


FIT:    data read from 'D_vs_rho.csv' every ::1 using 1:3
        format = x:z
        #datapoints = 5
        residuals are weighted equally (unit weight)

function used for fitting: h(x)
	h(x) = gamma/x
fitted parameters initialized with current variable values

iter      chisq       delta/lim  lambda   gamma        
   0 7.0895107577e+01  0.00e+00 4.87e+00  1.000000e+00
   3 5.8556645964e+00 -1.23e-01 4.87e-03  1.741203e+00

After 3 iterations the fit converged.
final sum of squares of residuals : 5.85566
rel. change during last iteration : -1.2292e-006

degrees of freedom    (FIT_NDF)                        : 4
rms of residuals      (FIT_STDFIT) = sqrt(WSSR/ndf)    : 1.20992
variance of residuals (reduced chisquare) = WSSR/ndf   : 1.46392

Final set of parameters            Asymptotic Standard Error
=======================            ==========================
gamma           = 1.7412           +/- 0.1112       (6.386%)


*******************************************************************************
Thu Feb 11 18:14:42 2016


FIT:    data read from 'D_vs_rho.csv' every ::1 using 1:3
        format = x:z
        #datapoints = 7
        residuals are weighted equally (unit weight)

function used for fitting: h(x)
	h(x) = gamma/x
fitted parameters initialized with current variable values

iter      chisq       delta/lim  lambda   gamma        
   0 7.6280159029e+00  0.00e+00 8.05e+00  1.741203e+00
   3 7.6113306670e+00 -6.97e-06 8.05e-03  1.730644e+00

After 3 iterations the fit converged.
final sum of squares of residuals : 7.61133
rel. change during last iteration : -6.9704e-011

degrees of freedom    (FIT_NDF)                        : 6
rms of residuals      (FIT_STDFIT) = sqrt(WSSR/ndf)    : 1.1263
variance of residuals (reduced chisquare) = WSSR/ndf   : 1.26856

Final set of parameters            Asymptotic Standard Error
=======================            ==========================
gamma           = 1.73064          +/- 0.09207      (5.32%)
